<?xml version="1.0" encoding="UTF-8"?>
<!-- Generated by org.testng.reporters.JUnitReportReporter -->
<testsuite hostname="DESKTOP-OQKABRM" name="com.qa.Swaag.Pages.Tests.WithoutFramework" tests="1" failures="0" timestamp="16 Mar 2021 18:33:48 GMT" time="7.753" errors="0">
  <testcase name="loginTest" time="7.753" classname="com.qa.Swaag.Pages.Tests.WithoutFramework"/>
</testsuite> <!-- com.qa.Swaag.Pages.Tests.WithoutFramework -->
