<?xml version="1.0" encoding="UTF-8"?>
<!-- Generated by org.testng.reporters.JUnitReportReporter -->
<testsuite hostname="DESKTOP-OQKABRM" name="com.qa.Swaag.Tests.LoginTest" tests="1" failures="0" timestamp="27 Mar 2021 01:31:47 GMT" time="3.578" errors="0">
  <testcase name="loginApp" time="3.578" classname="com.qa.Swaag.Tests.LoginTest"/>
</testsuite> <!-- com.qa.Swaag.Tests.LoginTest -->
